<?xml version="1.0" encoding="UTF-8"?>
<robot generator="Robot 6.1.1 (Python 3.10.12 on linux)" generated="20241118 22:28:58.397" rpa="false" schemaversion="4">
<suite id="s1" name="Tests" source="/home/kety/Documents/Ohjelmistotuotanto24/ohtu_palautusrepositorio/viikko3/web-login/src/tests">
<suite id="s1-s1" name="Home" source="/home/kety/Documents/Ohjelmistotuotanto24/ohtu_palautusrepositorio/viikko3/web-login/src/tests/home.robot">
<kw name="Open And Configure Browser" library="resource" type="SETUP">
<if>
<branch type="IF" condition="$BROWSER == 'chrome'">
<kw name="Evaluate" library="BuiltIn">
<var>${options}</var>
<arg>sys.modules['selenium.webdriver'].ChromeOptions()</arg>
<arg>sys</arg>
<doc>Evaluates the given expression in Python and returns the result.</doc>
<msg timestamp="20241118 22:28:58.536" level="INFO">${options} = &lt;selenium.webdriver.chrome.options.Options object at 0x791320c44070&gt;</msg>
<status status="PASS" starttime="20241118 22:28:58.536" endtime="20241118 22:28:58.536"/>
</kw>
<status status="PASS" starttime="20241118 22:28:58.526" endtime="20241118 22:28:58.536"/>
</branch>
<branch type="ELSE IF" condition="$BROWSER == 'firefox'">
<kw name="Evaluate" library="BuiltIn">
<var>${options}</var>
<arg>sys.modules['selenium.webdriver'].FirefoxOptions()</arg>
<arg>sys</arg>
<doc>Evaluates the given expression in Python and returns the result.</doc>
<status status="NOT RUN" starttime="20241118 22:28:58.537" endtime="20241118 22:28:58.537"/>
</kw>
<status status="NOT RUN" starttime="20241118 22:28:58.537" endtime="20241118 22:28:58.537"/>
</branch>
<status status="PASS" starttime="20241118 22:28:58.526" endtime="20241118 22:28:58.537"/>
</if>
<if>
<branch type="IF" condition="$HEADLESS == 'true'">
<kw name="Set Selenium Speed" library="SeleniumLibrary">
<arg>0</arg>
<doc>Sets the delay that is waited after each Selenium command.</doc>
<status status="PASS" starttime="20241118 22:28:58.537" endtime="20241118 22:28:58.537"/>
</kw>
<kw name="Call Method" library="BuiltIn">
<arg>${options}</arg>
<arg>add_argument</arg>
<arg>--headless</arg>
<doc>Calls the named method of the given object with the provided arguments.</doc>
<status status="PASS" starttime="20241118 22:28:58.537" endtime="20241118 22:28:58.537"/>
</kw>
<status status="PASS" starttime="20241118 22:28:58.537" endtime="20241118 22:28:58.537"/>
</branch>
<branch type="ELSE">
<kw name="Set Selenium Speed" library="SeleniumLibrary">
<arg>${DELAY}</arg>
<doc>Sets the delay that is waited after each Selenium command.</doc>
<status status="NOT RUN" starttime="20241118 22:28:58.537" endtime="20241118 22:28:58.537"/>
</kw>
<status status="NOT RUN" starttime="20241118 22:28:58.537" endtime="20241118 22:28:58.537"/>
</branch>
<status status="PASS" starttime="20241118 22:28:58.537" endtime="20241118 22:28:58.537"/>
</if>
<kw name="Open Browser" library="SeleniumLibrary">
<arg>browser=${BROWSER}</arg>
<arg>options=${options}</arg>
<doc>Opens a new browser instance to the optional ``url``.</doc>
<msg timestamp="20241118 22:28:58.538" level="INFO">Opening browser 'chrome' to base url 'None'.</msg>
<msg timestamp="20241118 22:28:58.573" level="WARN">The chromedriver version (130.0.6723.91) detected in PATH at /usr/bin/chromedriver might not be compatible with the detected chrome version (131.0.6778.69); currently, chromedriver 131.0.6778.69 is recommended for chrome 131.*, so it is advised to delete the driver in PATH and retry</msg>
<status status="PASS" starttime="20241118 22:28:58.537" endtime="20241118 22:28:58.742"/>
</kw>
<status status="PASS" starttime="20241118 22:28:58.526" endtime="20241118 22:28:58.742"/>
</kw>
<test id="s1-s1-t1" name="Click Login Link" line="8">
<kw name="Reset Application And Go To Starting Page" type="SETUP">
<kw name="Reset Application" library="AppLibrary">
<status status="PASS" starttime="20241118 22:28:58.743" endtime="20241118 22:28:58.746"/>
</kw>
<kw name="Go To Starting Page" library="resource">
<kw name="Go To" library="SeleniumLibrary">
<arg>${HOME_URL}</arg>
<doc>Navigates the current browser window to the provided ``url``.</doc>
<msg timestamp="20241118 22:28:58.746" level="INFO">Opening url 'http://localhost:5001'</msg>
<status status="PASS" starttime="20241118 22:28:58.746" endtime="20241118 22:28:58.772"/>
</kw>
<status status="PASS" starttime="20241118 22:28:58.746" endtime="20241118 22:28:58.772"/>
</kw>
<status status="PASS" starttime="20241118 22:28:58.743" endtime="20241118 22:28:58.772"/>
</kw>
<kw name="Click Link" library="SeleniumLibrary">
<arg>Login</arg>
<doc>Clicks a link identified by ``locator``.</doc>
<msg timestamp="20241118 22:28:58.773" level="INFO">Clicking link 'Login'.</msg>
<status status="PASS" starttime="20241118 22:28:58.772" endtime="20241118 22:28:58.830"/>
</kw>
<kw name="Login Page Should Be Open" library="resource">
<kw name="Title Should Be" library="SeleniumLibrary">
<arg>Login</arg>
<doc>Verifies that the current page title equals ``title``.</doc>
<msg timestamp="20241118 22:28:58.834" level="INFO">Page title is 'Login'.</msg>
<status status="PASS" starttime="20241118 22:28:58.831" endtime="20241118 22:28:58.834"/>
</kw>
<status status="PASS" starttime="20241118 22:28:58.830" endtime="20241118 22:28:58.834"/>
</kw>
<status status="PASS" starttime="20241118 22:28:58.742" endtime="20241118 22:28:58.834"/>
</test>
<test id="s1-s1-t2" name="Click Register Link" line="12">
<kw name="Reset Application And Go To Starting Page" type="SETUP">
<kw name="Reset Application" library="AppLibrary">
<status status="PASS" starttime="20241118 22:28:58.835" endtime="20241118 22:28:58.838"/>
</kw>
<kw name="Go To Starting Page" library="resource">
<kw name="Go To" library="SeleniumLibrary">
<arg>${HOME_URL}</arg>
<doc>Navigates the current browser window to the provided ``url``.</doc>
<msg timestamp="20241118 22:28:58.838" level="INFO">Opening url 'http://localhost:5001'</msg>
<status status="PASS" starttime="20241118 22:28:58.838" endtime="20241118 22:28:58.855"/>
</kw>
<status status="PASS" starttime="20241118 22:28:58.838" endtime="20241118 22:28:58.855"/>
</kw>
<status status="PASS" starttime="20241118 22:28:58.835" endtime="20241118 22:28:58.855"/>
</kw>
<kw name="Click Link" library="SeleniumLibrary">
<arg>Register new user</arg>
<doc>Clicks a link identified by ``locator``.</doc>
<msg timestamp="20241118 22:28:58.856" level="INFO">Clicking link 'Register new user'.</msg>
<status status="PASS" starttime="20241118 22:28:58.855" endtime="20241118 22:28:58.905"/>
</kw>
<kw name="Register Page Should Be Open" library="resource">
<kw name="Title Should Be" library="SeleniumLibrary">
<arg>Register</arg>
<doc>Verifies that the current page title equals ``title``.</doc>
<msg timestamp="20241118 22:28:58.909" level="INFO">Page title is 'Register'.</msg>
<status status="PASS" starttime="20241118 22:28:58.906" endtime="20241118 22:28:58.910"/>
</kw>
<status status="PASS" starttime="20241118 22:28:58.905" endtime="20241118 22:28:58.910"/>
</kw>
<status status="PASS" starttime="20241118 22:28:58.835" endtime="20241118 22:28:58.910"/>
</test>
<kw name="Close Browser" library="SeleniumLibrary" type="TEARDOWN">
<doc>Closes the current browser.</doc>
<status status="PASS" starttime="20241118 22:28:58.910" endtime="20241118 22:28:58.972"/>
</kw>
<status status="PASS" starttime="20241118 22:28:58.407" endtime="20241118 22:28:58.973"/>
</suite>
<suite id="s1-s2" name="Login" source="/home/kety/Documents/Ohjelmistotuotanto24/ohtu_palautusrepositorio/viikko3/web-login/src/tests/login.robot">
<kw name="Open And Configure Browser" library="resource" type="SETUP">
<if>
<branch type="IF" condition="$BROWSER == 'chrome'">
<kw name="Evaluate" library="BuiltIn">
<var>${options}</var>
<arg>sys.modules['selenium.webdriver'].ChromeOptions()</arg>
<arg>sys</arg>
<doc>Evaluates the given expression in Python and returns the result.</doc>
<msg timestamp="20241118 22:28:58.978" level="INFO">${options} = &lt;selenium.webdriver.chrome.options.Options object at 0x79132066ba00&gt;</msg>
<status status="PASS" starttime="20241118 22:28:58.978" endtime="20241118 22:28:58.978"/>
</kw>
<status status="PASS" starttime="20241118 22:28:58.978" endtime="20241118 22:28:58.978"/>
</branch>
<branch type="ELSE IF" condition="$BROWSER == 'firefox'">
<kw name="Evaluate" library="BuiltIn">
<var>${options}</var>
<arg>sys.modules['selenium.webdriver'].FirefoxOptions()</arg>
<arg>sys</arg>
<doc>Evaluates the given expression in Python and returns the result.</doc>
<status status="NOT RUN" starttime="20241118 22:28:58.978" endtime="20241118 22:28:58.978"/>
</kw>
<status status="NOT RUN" starttime="20241118 22:28:58.978" endtime="20241118 22:28:58.978"/>
</branch>
<status status="PASS" starttime="20241118 22:28:58.978" endtime="20241118 22:28:58.978"/>
</if>
<if>
<branch type="IF" condition="$HEADLESS == 'true'">
<kw name="Set Selenium Speed" library="SeleniumLibrary">
<arg>0</arg>
<doc>Sets the delay that is waited after each Selenium command.</doc>
<status status="PASS" starttime="20241118 22:28:58.979" endtime="20241118 22:28:58.979"/>
</kw>
<kw name="Call Method" library="BuiltIn">
<arg>${options}</arg>
<arg>add_argument</arg>
<arg>--headless</arg>
<doc>Calls the named method of the given object with the provided arguments.</doc>
<status status="PASS" starttime="20241118 22:28:58.979" endtime="20241118 22:28:58.979"/>
</kw>
<status status="PASS" starttime="20241118 22:28:58.978" endtime="20241118 22:28:58.979"/>
</branch>
<branch type="ELSE">
<kw name="Set Selenium Speed" library="SeleniumLibrary">
<arg>${DELAY}</arg>
<doc>Sets the delay that is waited after each Selenium command.</doc>
<status status="NOT RUN" starttime="20241118 22:28:58.979" endtime="20241118 22:28:58.979"/>
</kw>
<status status="NOT RUN" starttime="20241118 22:28:58.979" endtime="20241118 22:28:58.979"/>
</branch>
<status status="PASS" starttime="20241118 22:28:58.978" endtime="20241118 22:28:58.979"/>
</if>
<kw name="Open Browser" library="SeleniumLibrary">
<arg>browser=${BROWSER}</arg>
<arg>options=${options}</arg>
<doc>Opens a new browser instance to the optional ``url``.</doc>
<msg timestamp="20241118 22:28:58.980" level="INFO">Opening browser 'chrome' to base url 'None'.</msg>
<msg timestamp="20241118 22:28:59.015" level="WARN">The chromedriver version (130.0.6723.91) detected in PATH at /usr/bin/chromedriver might not be compatible with the detected chrome version (131.0.6778.69); currently, chromedriver 131.0.6778.69 is recommended for chrome 131.*, so it is advised to delete the driver in PATH and retry</msg>
<status status="PASS" starttime="20241118 22:28:58.979" endtime="20241118 22:28:59.192"/>
</kw>
<status status="PASS" starttime="20241118 22:28:58.977" endtime="20241118 22:28:59.192"/>
</kw>
<test id="s1-s2-t1" name="Login With Correct Credentials" line="9">
<kw name="Reset Application Create User And Go To Login Page" type="SETUP">
<kw name="Reset Application" library="AppLibrary">
<status status="PASS" starttime="20241118 22:28:59.193" endtime="20241118 22:28:59.196"/>
</kw>
<kw name="Create User" library="AppLibrary">
<arg>kalle</arg>
<arg>kalle123</arg>
<status status="PASS" starttime="20241118 22:28:59.196" endtime="20241118 22:28:59.200"/>
</kw>
<kw name="Go To Login Page" library="resource">
<kw name="Go To" library="SeleniumLibrary">
<arg>${LOGIN_URL}</arg>
<doc>Navigates the current browser window to the provided ``url``.</doc>
<msg timestamp="20241118 22:28:59.200" level="INFO">Opening url 'http://localhost:5001/login'</msg>
<status status="PASS" starttime="20241118 22:28:59.200" endtime="20241118 22:28:59.229"/>
</kw>
<status status="PASS" starttime="20241118 22:28:59.200" endtime="20241118 22:28:59.230"/>
</kw>
<status status="PASS" starttime="20241118 22:28:59.193" endtime="20241118 22:28:59.230"/>
</kw>
<kw name="Set Username">
<arg>kalle</arg>
<kw name="Input Text" library="SeleniumLibrary">
<arg>username</arg>
<arg>${username}</arg>
<doc>Types the given ``text`` into the text field identified by ``locator``.</doc>
<msg timestamp="20241118 22:28:59.231" level="INFO">Typing text 'kalle' into text field 'username'.</msg>
<status status="PASS" starttime="20241118 22:28:59.230" endtime="20241118 22:28:59.295"/>
</kw>
<status status="PASS" starttime="20241118 22:28:59.230" endtime="20241118 22:28:59.295"/>
</kw>
<kw name="Set Password">
<arg>kalle123</arg>
<kw name="Input Password" library="SeleniumLibrary">
<arg>password</arg>
<arg>${password}</arg>
<doc>Types the given password into the text field identified by ``locator``.</doc>
<msg timestamp="20241118 22:28:59.296" level="INFO">Typing password into text field 'password'.</msg>
<msg timestamp="20241118 22:28:59.317" level="INFO">Temporally setting log level to: NONE</msg>
<msg timestamp="20241118 22:28:59.340" level="INFO">Log level changed from NONE to INFO.</msg>
<status status="PASS" starttime="20241118 22:28:59.295" endtime="20241118 22:28:59.340"/>
</kw>
<status status="PASS" starttime="20241118 22:28:59.295" endtime="20241118 22:28:59.340"/>
</kw>
<kw name="Submit Credentials">
<kw name="Click Button" library="SeleniumLibrary">
<arg>Login</arg>
<doc>Clicks the button identified by ``locator``.</doc>
<msg timestamp="20241118 22:28:59.341" level="INFO">Clicking button 'Login'.</msg>
<status status="PASS" starttime="20241118 22:28:59.341" endtime="20241118 22:28:59.390"/>
</kw>
<status status="PASS" starttime="20241118 22:28:59.340" endtime="20241118 22:28:59.390"/>
</kw>
<kw name="Login Should Succeed">
<kw name="Main Page Should Be Open" library="resource">
<kw name="Title Should Be" library="SeleniumLibrary">
<arg>Ohtu Application main page</arg>
<doc>Verifies that the current page title equals ``title``.</doc>
<msg timestamp="20241118 22:28:59.393" level="INFO">Page title is 'Ohtu Application main page'.</msg>
<status status="PASS" starttime="20241118 22:28:59.390" endtime="20241118 22:28:59.393"/>
</kw>
<status status="PASS" starttime="20241118 22:28:59.390" endtime="20241118 22:28:59.394"/>
</kw>
<status status="PASS" starttime="20241118 22:28:59.390" endtime="20241118 22:28:59.394"/>
</kw>
<status status="PASS" starttime="20241118 22:28:59.193" endtime="20241118 22:28:59.394"/>
</test>
<test id="s1-s2-t2" name="Login With Incorrect Password" line="15">
<kw name="Reset Application Create User And Go To Login Page" type="SETUP">
<kw name="Reset Application" library="AppLibrary">
<status status="PASS" starttime="20241118 22:28:59.394" endtime="20241118 22:28:59.397"/>
</kw>
<kw name="Create User" library="AppLibrary">
<arg>kalle</arg>
<arg>kalle123</arg>
<status status="PASS" starttime="20241118 22:28:59.397" endtime="20241118 22:28:59.401"/>
</kw>
<kw name="Go To Login Page" library="resource">
<kw name="Go To" library="SeleniumLibrary">
<arg>${LOGIN_URL}</arg>
<doc>Navigates the current browser window to the provided ``url``.</doc>
<msg timestamp="20241118 22:28:59.401" level="INFO">Opening url 'http://localhost:5001/login'</msg>
<status status="PASS" starttime="20241118 22:28:59.401" endtime="20241118 22:28:59.418"/>
</kw>
<status status="PASS" starttime="20241118 22:28:59.401" endtime="20241118 22:28:59.418"/>
</kw>
<status status="PASS" starttime="20241118 22:28:59.394" endtime="20241118 22:28:59.418"/>
</kw>
<kw name="Set Username">
<arg>kalle</arg>
<kw name="Input Text" library="SeleniumLibrary">
<arg>username</arg>
<arg>${username}</arg>
<doc>Types the given ``text`` into the text field identified by ``locator``.</doc>
<msg timestamp="20241118 22:28:59.419" level="INFO">Typing text 'kalle' into text field 'username'.</msg>
<status status="PASS" starttime="20241118 22:28:59.419" endtime="20241118 22:28:59.466"/>
</kw>
<status status="PASS" starttime="20241118 22:28:59.419" endtime="20241118 22:28:59.466"/>
</kw>
<kw name="Set Password">
<arg>kalle456</arg>
<kw name="Input Password" library="SeleniumLibrary">
<arg>password</arg>
<arg>${password}</arg>
<doc>Types the given password into the text field identified by ``locator``.</doc>
<msg timestamp="20241118 22:28:59.467" level="INFO">Typing password into text field 'password'.</msg>
<msg timestamp="20241118 22:28:59.485" level="INFO">Temporally setting log level to: NONE</msg>
<msg timestamp="20241118 22:28:59.508" level="INFO">Log level changed from NONE to INFO.</msg>
<status status="PASS" starttime="20241118 22:28:59.466" endtime="20241118 22:28:59.508"/>
</kw>
<status status="PASS" starttime="20241118 22:28:59.466" endtime="20241118 22:28:59.509"/>
</kw>
<kw name="Submit Credentials">
<kw name="Click Button" library="SeleniumLibrary">
<arg>Login</arg>
<doc>Clicks the button identified by ``locator``.</doc>
<msg timestamp="20241118 22:28:59.509" level="INFO">Clicking button 'Login'.</msg>
<status status="PASS" starttime="20241118 22:28:59.509" endtime="20241118 22:28:59.545"/>
</kw>
<status status="PASS" starttime="20241118 22:28:59.509" endtime="20241118 22:28:59.545"/>
</kw>
<kw name="Login Should Fail With Message">
<arg>Invalid username or password</arg>
<kw name="Login Page Should Be Open">
<kw name="Title Should Be" library="SeleniumLibrary">
<arg>Login</arg>
<doc>Verifies that the current page title equals ``title``.</doc>
<msg timestamp="20241118 22:28:59.554" level="INFO">Page title is 'Login'.</msg>
<status status="PASS" starttime="20241118 22:28:59.547" endtime="20241118 22:28:59.554"/>
</kw>
<status status="PASS" starttime="20241118 22:28:59.546" endtime="20241118 22:28:59.554"/>
</kw>
<kw name="Page Should Contain" library="SeleniumLibrary">
<arg>${message}</arg>
<doc>Verifies that current page contains ``text``.</doc>
<msg timestamp="20241118 22:28:59.565" level="INFO">Current page contains text 'Invalid username or password'.</msg>
<status status="PASS" starttime="20241118 22:28:59.554" endtime="20241118 22:28:59.565"/>
</kw>
<status status="PASS" starttime="20241118 22:28:59.546" endtime="20241118 22:28:59.565"/>
</kw>
<status status="PASS" starttime="20241118 22:28:59.394" endtime="20241118 22:28:59.565"/>
</test>
<test id="s1-s2-t3" name="Login With Nonexistent Username" line="21">
<kw name="Reset Application Create User And Go To Login Page" type="SETUP">
<kw name="Reset Application" library="AppLibrary">
<status status="PASS" starttime="20241118 22:28:59.566" endtime="20241118 22:28:59.568"/>
</kw>
<kw name="Create User" library="AppLibrary">
<arg>kalle</arg>
<arg>kalle123</arg>
<status status="PASS" starttime="20241118 22:28:59.568" endtime="20241118 22:28:59.573"/>
</kw>
<kw name="Go To Login Page" library="resource">
<kw name="Go To" library="SeleniumLibrary">
<arg>${LOGIN_URL}</arg>
<doc>Navigates the current browser window to the provided ``url``.</doc>
<msg timestamp="20241118 22:28:59.574" level="INFO">Opening url 'http://localhost:5001/login'</msg>
<status status="PASS" starttime="20241118 22:28:59.574" endtime="20241118 22:28:59.587"/>
</kw>
<status status="PASS" starttime="20241118 22:28:59.573" endtime="20241118 22:28:59.587"/>
</kw>
<status status="PASS" starttime="20241118 22:28:59.566" endtime="20241118 22:28:59.587"/>
</kw>
<kw name="Set Username">
<arg>kal</arg>
<kw name="Input Text" library="SeleniumLibrary">
<arg>username</arg>
<arg>${username}</arg>
<doc>Types the given ``text`` into the text field identified by ``locator``.</doc>
<msg timestamp="20241118 22:28:59.587" level="INFO">Typing text 'kal' into text field 'username'.</msg>
<status status="PASS" starttime="20241118 22:28:59.587" endtime="20241118 22:28:59.629"/>
</kw>
<status status="PASS" starttime="20241118 22:28:59.587" endtime="20241118 22:28:59.629"/>
</kw>
<kw name="Set Password">
<arg>kalle456</arg>
<kw name="Input Password" library="SeleniumLibrary">
<arg>password</arg>
<arg>${password}</arg>
<doc>Types the given password into the text field identified by ``locator``.</doc>
<msg timestamp="20241118 22:28:59.630" level="INFO">Typing password into text field 'password'.</msg>
<msg timestamp="20241118 22:28:59.651" level="INFO">Temporally setting log level to: NONE</msg>
<msg timestamp="20241118 22:28:59.674" level="INFO">Log level changed from NONE to INFO.</msg>
<status status="PASS" starttime="20241118 22:28:59.630" endtime="20241118 22:28:59.674"/>
</kw>
<status status="PASS" starttime="20241118 22:28:59.629" endtime="20241118 22:28:59.674"/>
</kw>
<kw name="Submit Credentials">
<kw name="Click Button" library="SeleniumLibrary">
<arg>Login</arg>
<doc>Clicks the button identified by ``locator``.</doc>
<msg timestamp="20241118 22:28:59.675" level="INFO">Clicking button 'Login'.</msg>
<status status="PASS" starttime="20241118 22:28:59.675" endtime="20241118 22:28:59.709"/>
</kw>
<status status="PASS" starttime="20241118 22:28:59.674" endtime="20241118 22:28:59.709"/>
</kw>
<kw name="Login Should Fail With Message">
<arg>Nonexistent Username</arg>
<kw name="Login Page Should Be Open">
<kw name="Title Should Be" library="SeleniumLibrary">
<arg>Login</arg>
<doc>Verifies that the current page title equals ``title``.</doc>
<msg timestamp="20241118 22:28:59.719" level="INFO">Page title is 'Login'.</msg>
<status status="PASS" starttime="20241118 22:28:59.710" endtime="20241118 22:28:59.719"/>
</kw>
<status status="PASS" starttime="20241118 22:28:59.710" endtime="20241118 22:28:59.719"/>
</kw>
<kw name="Page Should Contain" library="SeleniumLibrary">
<arg>${message}</arg>
<doc>Verifies that current page contains ``text``.</doc>
<msg timestamp="20241118 22:28:59.727" level="INFO">Current page contains text 'Nonexistent Username'.</msg>
<status status="PASS" starttime="20241118 22:28:59.719" endtime="20241118 22:28:59.727"/>
</kw>
<status status="PASS" starttime="20241118 22:28:59.709" endtime="20241118 22:28:59.728"/>
</kw>
<status status="PASS" starttime="20241118 22:28:59.565" endtime="20241118 22:28:59.728"/>
</test>
<kw name="Close Browser" library="SeleniumLibrary" type="TEARDOWN">
<doc>Closes the current browser.</doc>
<status status="PASS" starttime="20241118 22:28:59.728" endtime="20241118 22:28:59.788"/>
</kw>
<status status="PASS" starttime="20241118 22:28:58.973" endtime="20241118 22:28:59.788"/>
</suite>
<suite id="s1-s3" name="Register" source="/home/kety/Documents/Ohjelmistotuotanto24/ohtu_palautusrepositorio/viikko3/web-login/src/tests/register.robot">
<kw name="Open And Configure Browser" library="resource" type="SETUP">
<if>
<branch type="IF" condition="$BROWSER == 'chrome'">
<kw name="Evaluate" library="BuiltIn">
<var>${options}</var>
<arg>sys.modules['selenium.webdriver'].ChromeOptions()</arg>
<arg>sys</arg>
<doc>Evaluates the given expression in Python and returns the result.</doc>
<msg timestamp="20241118 22:28:59.793" level="INFO">${options} = &lt;selenium.webdriver.chrome.options.Options object at 0x791320533670&gt;</msg>
<status status="PASS" starttime="20241118 22:28:59.793" endtime="20241118 22:28:59.793"/>
</kw>
<status status="PASS" starttime="20241118 22:28:59.792" endtime="20241118 22:28:59.793"/>
</branch>
<branch type="ELSE IF" condition="$BROWSER == 'firefox'">
<kw name="Evaluate" library="BuiltIn">
<var>${options}</var>
<arg>sys.modules['selenium.webdriver'].FirefoxOptions()</arg>
<arg>sys</arg>
<doc>Evaluates the given expression in Python and returns the result.</doc>
<status status="NOT RUN" starttime="20241118 22:28:59.793" endtime="20241118 22:28:59.793"/>
</kw>
<status status="NOT RUN" starttime="20241118 22:28:59.793" endtime="20241118 22:28:59.793"/>
</branch>
<status status="PASS" starttime="20241118 22:28:59.792" endtime="20241118 22:28:59.793"/>
</if>
<if>
<branch type="IF" condition="$HEADLESS == 'true'">
<kw name="Set Selenium Speed" library="SeleniumLibrary">
<arg>0</arg>
<doc>Sets the delay that is waited after each Selenium command.</doc>
<status status="PASS" starttime="20241118 22:28:59.793" endtime="20241118 22:28:59.793"/>
</kw>
<kw name="Call Method" library="BuiltIn">
<arg>${options}</arg>
<arg>add_argument</arg>
<arg>--headless</arg>
<doc>Calls the named method of the given object with the provided arguments.</doc>
<status status="PASS" starttime="20241118 22:28:59.793" endtime="20241118 22:28:59.793"/>
</kw>
<status status="PASS" starttime="20241118 22:28:59.793" endtime="20241118 22:28:59.793"/>
</branch>
<branch type="ELSE">
<kw name="Set Selenium Speed" library="SeleniumLibrary">
<arg>${DELAY}</arg>
<doc>Sets the delay that is waited after each Selenium command.</doc>
<status status="NOT RUN" starttime="20241118 22:28:59.793" endtime="20241118 22:28:59.793"/>
</kw>
<status status="NOT RUN" starttime="20241118 22:28:59.793" endtime="20241118 22:28:59.793"/>
</branch>
<status status="PASS" starttime="20241118 22:28:59.793" endtime="20241118 22:28:59.793"/>
</if>
<kw name="Open Browser" library="SeleniumLibrary">
<arg>browser=${BROWSER}</arg>
<arg>options=${options}</arg>
<doc>Opens a new browser instance to the optional ``url``.</doc>
<msg timestamp="20241118 22:28:59.794" level="INFO">Opening browser 'chrome' to base url 'None'.</msg>
<msg timestamp="20241118 22:28:59.831" level="WARN">The chromedriver version (130.0.6723.91) detected in PATH at /usr/bin/chromedriver might not be compatible with the detected chrome version (131.0.6778.69); currently, chromedriver 131.0.6778.69 is recommended for chrome 131.*, so it is advised to delete the driver in PATH and retry</msg>
<status status="PASS" starttime="20241118 22:28:59.794" endtime="20241118 22:29:00.008"/>
</kw>
<status status="PASS" starttime="20241118 22:28:59.792" endtime="20241118 22:29:00.008"/>
</kw>
<test id="s1-s3-t1" name="Register With Valid Username And Password" line="9">
<kw name="Reset Application Create User And Go To Register Page" type="SETUP">
<kw name="Reset Application" library="AppLibrary">
<status status="PASS" starttime="20241118 22:29:00.009" endtime="20241118 22:29:00.012"/>
</kw>
<kw name="Create User" library="AppLibrary">
<arg>kalle</arg>
<arg>kalle123</arg>
<status status="PASS" starttime="20241118 22:29:00.012" endtime="20241118 22:29:00.016"/>
</kw>
<kw name="Go To Login Page" library="resource">
<kw name="Go To" library="SeleniumLibrary">
<arg>${LOGIN_URL}</arg>
<doc>Navigates the current browser window to the provided ``url``.</doc>
<msg timestamp="20241118 22:29:00.016" level="INFO">Opening url 'http://localhost:5001/login'</msg>
<status status="PASS" starttime="20241118 22:29:00.016" endtime="20241118 22:29:00.046"/>
</kw>
<status status="PASS" starttime="20241118 22:29:00.016" endtime="20241118 22:29:00.046"/>
</kw>
<status status="PASS" starttime="20241118 22:29:00.009" endtime="20241118 22:29:00.046"/>
</kw>
<kw name="Set Username">
<arg>kalle</arg>
<kw name="Input Text" library="SeleniumLibrary">
<arg>username</arg>
<arg>${username}</arg>
<doc>Types the given ``text`` into the text field identified by ``locator``.</doc>
<msg timestamp="20241118 22:29:00.047" level="INFO">Typing text 'kalle' into text field 'username'.</msg>
<status status="PASS" starttime="20241118 22:29:00.046" endtime="20241118 22:29:00.115"/>
</kw>
<status status="PASS" starttime="20241118 22:29:00.046" endtime="20241118 22:29:00.115"/>
</kw>
<kw name="Set Password">
<arg>kalle123</arg>
<kw name="Input Password" library="SeleniumLibrary">
<arg>password</arg>
<arg>${password}</arg>
<doc>Types the given password into the text field identified by ``locator``.</doc>
<msg timestamp="20241118 22:29:00.116" level="INFO">Typing password into text field 'password'.</msg>
<msg timestamp="20241118 22:29:00.138" level="INFO">Temporally setting log level to: NONE</msg>
<msg timestamp="20241118 22:29:00.167" level="INFO">Log level changed from NONE to INFO.</msg>
<status status="PASS" starttime="20241118 22:29:00.116" endtime="20241118 22:29:00.168"/>
</kw>
<status status="PASS" starttime="20241118 22:29:00.116" endtime="20241118 22:29:00.168"/>
</kw>
<kw name="set Confirm Password">
<arg>kalle123</arg>
<kw name="Input Password" library="SeleniumLibrary">
<arg>password_confirmation</arg>
<arg>${password}</arg>
<doc>Types the given password into the text field identified by ``locator``.</doc>
<msg timestamp="20241118 22:29:00.168" level="INFO">Typing password into text field 'password_confirmation'.</msg>
<msg timestamp="20241118 22:29:00.231" level="INFO" html="true">&lt;/td&gt;&lt;/tr&gt;&lt;tr&gt;&lt;td colspan="3"&gt;&lt;a href="selenium-screenshot-86.png"&gt;&lt;img src="selenium-screenshot-86.png" width="800px"&gt;&lt;/a&gt;</msg>
<msg timestamp="20241118 22:29:00.231" level="FAIL">Element with locator 'password_confirmation' not found.</msg>
<status status="FAIL" starttime="20241118 22:29:00.168" endtime="20241118 22:29:00.232"/>
</kw>
<status status="FAIL" starttime="20241118 22:29:00.168" endtime="20241118 22:29:00.232"/>
</kw>
<kw name="Submit Registration">
<status status="NOT RUN" starttime="20241118 22:29:00.232" endtime="20241118 22:29:00.232"/>
</kw>
<kw name="Registration Should Succeed">
<status status="NOT RUN" starttime="20241118 22:29:00.232" endtime="20241118 22:29:00.232"/>
</kw>
<status status="FAIL" starttime="20241118 22:29:00.008" endtime="20241118 22:29:00.233">Element with locator 'password_confirmation' not found.</status>
</test>
<test id="s1-s3-t2" name="Register With Too Short Username And Valid Password" line="17">
<kw name="Reset Application Create User And Go To Register Page" type="SETUP">
<kw name="Reset Application" library="AppLibrary">
<status status="PASS" starttime="20241118 22:29:00.233" endtime="20241118 22:29:00.236"/>
</kw>
<kw name="Create User" library="AppLibrary">
<arg>kalle</arg>
<arg>kalle123</arg>
<status status="PASS" starttime="20241118 22:29:00.236" endtime="20241118 22:29:00.239"/>
</kw>
<kw name="Go To Login Page" library="resource">
<kw name="Go To" library="SeleniumLibrary">
<arg>${LOGIN_URL}</arg>
<doc>Navigates the current browser window to the provided ``url``.</doc>
<msg timestamp="20241118 22:29:00.240" level="INFO">Opening url 'http://localhost:5001/login'</msg>
<status status="PASS" starttime="20241118 22:29:00.240" endtime="20241118 22:29:00.251"/>
</kw>
<status status="PASS" starttime="20241118 22:29:00.239" endtime="20241118 22:29:00.251"/>
</kw>
<status status="PASS" starttime="20241118 22:29:00.233" endtime="20241118 22:29:00.251"/>
</kw>
<kw name="Set Username">
<arg>kal</arg>
<kw name="Input Text" library="SeleniumLibrary">
<arg>username</arg>
<arg>${username}</arg>
<doc>Types the given ``text`` into the text field identified by ``locator``.</doc>
<msg timestamp="20241118 22:29:00.252" level="INFO">Typing text 'kal' into text field 'username'.</msg>
<status status="PASS" starttime="20241118 22:29:00.251" endtime="20241118 22:29:00.298"/>
</kw>
<status status="PASS" starttime="20241118 22:29:00.251" endtime="20241118 22:29:00.298"/>
</kw>
<kw name="Set Password">
<arg>kalle123</arg>
<kw name="Input Password" library="SeleniumLibrary">
<arg>password</arg>
<arg>${password}</arg>
<doc>Types the given password into the text field identified by ``locator``.</doc>
<msg timestamp="20241118 22:29:00.299" level="INFO">Typing password into text field 'password'.</msg>
<msg timestamp="20241118 22:29:00.319" level="INFO">Temporally setting log level to: NONE</msg>
<msg timestamp="20241118 22:29:00.344" level="INFO">Log level changed from NONE to INFO.</msg>
<status status="PASS" starttime="20241118 22:29:00.298" endtime="20241118 22:29:00.344"/>
</kw>
<status status="PASS" starttime="20241118 22:29:00.298" endtime="20241118 22:29:00.345"/>
</kw>
<kw name="set Confirm Password">
<arg>kalle123</arg>
<kw name="Input Password" library="SeleniumLibrary">
<arg>password_confirmation</arg>
<arg>${password}</arg>
<doc>Types the given password into the text field identified by ``locator``.</doc>
<msg timestamp="20241118 22:29:00.345" level="INFO">Typing password into text field 'password_confirmation'.</msg>
<msg timestamp="20241118 22:29:00.394" level="INFO" html="true">&lt;/td&gt;&lt;/tr&gt;&lt;tr&gt;&lt;td colspan="3"&gt;&lt;a href="selenium-screenshot-87.png"&gt;&lt;img src="selenium-screenshot-87.png" width="800px"&gt;&lt;/a&gt;</msg>
<msg timestamp="20241118 22:29:00.394" level="FAIL">Element with locator 'password_confirmation' not found.</msg>
<status status="FAIL" starttime="20241118 22:29:00.345" endtime="20241118 22:29:00.394"/>
</kw>
<status status="FAIL" starttime="20241118 22:29:00.345" endtime="20241118 22:29:00.394"/>
</kw>
<kw name="Submit Registration">
<status status="NOT RUN" starttime="20241118 22:29:00.395" endtime="20241118 22:29:00.395"/>
</kw>
<kw name="Registration Should Fail With Message">
<arg>Username must be at least 3 characters long and consist of lowercase letters a-z</arg>
<status status="NOT RUN" starttime="20241118 22:29:00.395" endtime="20241118 22:29:00.395"/>
</kw>
<status status="FAIL" starttime="20241118 22:29:00.233" endtime="20241118 22:29:00.395">Element with locator 'password_confirmation' not found.</status>
</test>
<test id="s1-s3-t3" name="Register With Valid Username And Too Short Password" line="25">
<kw name="Reset Application Create User And Go To Register Page" type="SETUP">
<kw name="Reset Application" library="AppLibrary">
<status status="PASS" starttime="20241118 22:29:00.396" endtime="20241118 22:29:00.399"/>
</kw>
<kw name="Create User" library="AppLibrary">
<arg>kalle</arg>
<arg>kalle123</arg>
<status status="PASS" starttime="20241118 22:29:00.399" endtime="20241118 22:29:00.405"/>
</kw>
<kw name="Go To Login Page" library="resource">
<kw name="Go To" library="SeleniumLibrary">
<arg>${LOGIN_URL}</arg>
<doc>Navigates the current browser window to the provided ``url``.</doc>
<msg timestamp="20241118 22:29:00.406" level="INFO">Opening url 'http://localhost:5001/login'</msg>
<status status="PASS" starttime="20241118 22:29:00.406" endtime="20241118 22:29:00.421"/>
</kw>
<status status="PASS" starttime="20241118 22:29:00.406" endtime="20241118 22:29:00.421"/>
</kw>
<status status="PASS" starttime="20241118 22:29:00.396" endtime="20241118 22:29:00.421"/>
</kw>
<kw name="Set Username">
<arg>kalle</arg>
<kw name="Input Text" library="SeleniumLibrary">
<arg>username</arg>
<arg>${username}</arg>
<doc>Types the given ``text`` into the text field identified by ``locator``.</doc>
<msg timestamp="20241118 22:29:00.422" level="INFO">Typing text 'kalle' into text field 'username'.</msg>
<status status="PASS" starttime="20241118 22:29:00.421" endtime="20241118 22:29:00.471"/>
</kw>
<status status="PASS" starttime="20241118 22:29:00.421" endtime="20241118 22:29:00.471"/>
</kw>
<kw name="Set Password">
<arg>kalle12</arg>
<kw name="Input Password" library="SeleniumLibrary">
<arg>password</arg>
<arg>${password}</arg>
<doc>Types the given password into the text field identified by ``locator``.</doc>
<msg timestamp="20241118 22:29:00.472" level="INFO">Typing password into text field 'password'.</msg>
<msg timestamp="20241118 22:29:00.491" level="INFO">Temporally setting log level to: NONE</msg>
<msg timestamp="20241118 22:29:00.512" level="INFO">Log level changed from NONE to INFO.</msg>
<status status="PASS" starttime="20241118 22:29:00.471" endtime="20241118 22:29:00.512"/>
</kw>
<status status="PASS" starttime="20241118 22:29:00.471" endtime="20241118 22:29:00.512"/>
</kw>
<kw name="set Confirm Password">
<arg>kalle12</arg>
<kw name="Input Password" library="SeleniumLibrary">
<arg>password_confirmation</arg>
<arg>${password}</arg>
<doc>Types the given password into the text field identified by ``locator``.</doc>
<msg timestamp="20241118 22:29:00.513" level="INFO">Typing password into text field 'password_confirmation'.</msg>
<msg timestamp="20241118 22:29:00.556" level="INFO" html="true">&lt;/td&gt;&lt;/tr&gt;&lt;tr&gt;&lt;td colspan="3"&gt;&lt;a href="selenium-screenshot-88.png"&gt;&lt;img src="selenium-screenshot-88.png" width="800px"&gt;&lt;/a&gt;</msg>
<msg timestamp="20241118 22:29:00.557" level="FAIL">Element with locator 'password_confirmation' not found.</msg>
<status status="FAIL" starttime="20241118 22:29:00.512" endtime="20241118 22:29:00.557"/>
</kw>
<status status="FAIL" starttime="20241118 22:29:00.512" endtime="20241118 22:29:00.557"/>
</kw>
<kw name="Submit Registration">
<status status="NOT RUN" starttime="20241118 22:29:00.557" endtime="20241118 22:29:00.557"/>
</kw>
<kw name="Registration Should Fail With Message">
<arg>Password must be at least 8 characters long</arg>
<status status="NOT RUN" starttime="20241118 22:29:00.558" endtime="20241118 22:29:00.558"/>
</kw>
<status status="FAIL" starttime="20241118 22:29:00.395" endtime="20241118 22:29:00.558">Element with locator 'password_confirmation' not found.</status>
</test>
<test id="s1-s3-t4" name="Register With Valid Username And Invalid Password" line="34">
<kw name="Reset Application Create User And Go To Register Page" type="SETUP">
<kw name="Reset Application" library="AppLibrary">
<status status="PASS" starttime="20241118 22:29:00.559" endtime="20241118 22:29:00.561"/>
</kw>
<kw name="Create User" library="AppLibrary">
<arg>kalle</arg>
<arg>kalle123</arg>
<status status="PASS" starttime="20241118 22:29:00.561" endtime="20241118 22:29:00.567"/>
</kw>
<kw name="Go To Login Page" library="resource">
<kw name="Go To" library="SeleniumLibrary">
<arg>${LOGIN_URL}</arg>
<doc>Navigates the current browser window to the provided ``url``.</doc>
<msg timestamp="20241118 22:29:00.567" level="INFO">Opening url 'http://localhost:5001/login'</msg>
<status status="PASS" starttime="20241118 22:29:00.567" endtime="20241118 22:29:00.584"/>
</kw>
<status status="PASS" starttime="20241118 22:29:00.567" endtime="20241118 22:29:00.584"/>
</kw>
<status status="PASS" starttime="20241118 22:29:00.558" endtime="20241118 22:29:00.584"/>
</kw>
<kw name="Set Username">
<arg>kalle</arg>
<kw name="Input Text" library="SeleniumLibrary">
<arg>username</arg>
<arg>${username}</arg>
<doc>Types the given ``text`` into the text field identified by ``locator``.</doc>
<msg timestamp="20241118 22:29:00.585" level="INFO">Typing text 'kalle' into text field 'username'.</msg>
<status status="PASS" starttime="20241118 22:29:00.585" endtime="20241118 22:29:00.633"/>
</kw>
<status status="PASS" starttime="20241118 22:29:00.584" endtime="20241118 22:29:00.633"/>
</kw>
<kw name="Set Password">
<arg>kalle</arg>
<kw name="Input Password" library="SeleniumLibrary">
<arg>password</arg>
<arg>${password}</arg>
<doc>Types the given password into the text field identified by ``locator``.</doc>
<msg timestamp="20241118 22:29:00.634" level="INFO">Typing password into text field 'password'.</msg>
<msg timestamp="20241118 22:29:00.656" level="INFO">Temporally setting log level to: NONE</msg>
<msg timestamp="20241118 22:29:00.680" level="INFO">Log level changed from NONE to INFO.</msg>
<status status="PASS" starttime="20241118 22:29:00.634" endtime="20241118 22:29:00.681"/>
</kw>
<status status="PASS" starttime="20241118 22:29:00.634" endtime="20241118 22:29:00.681"/>
</kw>
<kw name="set Confirm Password">
<arg>kalle</arg>
<kw name="Input Password" library="SeleniumLibrary">
<arg>password_confirmation</arg>
<arg>${password}</arg>
<doc>Types the given password into the text field identified by ``locator``.</doc>
<msg timestamp="20241118 22:29:00.681" level="INFO">Typing password into text field 'password_confirmation'.</msg>
<msg timestamp="20241118 22:29:00.727" level="INFO" html="true">&lt;/td&gt;&lt;/tr&gt;&lt;tr&gt;&lt;td colspan="3"&gt;&lt;a href="selenium-screenshot-89.png"&gt;&lt;img src="selenium-screenshot-89.png" width="800px"&gt;&lt;/a&gt;</msg>
<msg timestamp="20241118 22:29:00.727" level="FAIL">Element with locator 'password_confirmation' not found.</msg>
<status status="FAIL" starttime="20241118 22:29:00.681" endtime="20241118 22:29:00.727"/>
</kw>
<status status="FAIL" starttime="20241118 22:29:00.681" endtime="20241118 22:29:00.727"/>
</kw>
<kw name="Submit Registration">
<status status="NOT RUN" starttime="20241118 22:29:00.727" endtime="20241118 22:29:00.727"/>
</kw>
<kw name="Registration Should Fail With Message">
<arg>Password cannot consist only of letters</arg>
<status status="NOT RUN" starttime="20241118 22:29:00.727" endtime="20241118 22:29:00.727"/>
</kw>
<status status="FAIL" starttime="20241118 22:29:00.558" endtime="20241118 22:29:00.727">Element with locator 'password_confirmation' not found.</status>
</test>
<test id="s1-s3-t5" name="Register With Nonmatching Password And Password Confirmation" line="43">
<kw name="Reset Application Create User And Go To Register Page" type="SETUP">
<kw name="Reset Application" library="AppLibrary">
<status status="PASS" starttime="20241118 22:29:00.728" endtime="20241118 22:29:00.730"/>
</kw>
<kw name="Create User" library="AppLibrary">
<arg>kalle</arg>
<arg>kalle123</arg>
<status status="PASS" starttime="20241118 22:29:00.730" endtime="20241118 22:29:00.734"/>
</kw>
<kw name="Go To Login Page" library="resource">
<kw name="Go To" library="SeleniumLibrary">
<arg>${LOGIN_URL}</arg>
<doc>Navigates the current browser window to the provided ``url``.</doc>
<msg timestamp="20241118 22:29:00.735" level="INFO">Opening url 'http://localhost:5001/login'</msg>
<status status="PASS" starttime="20241118 22:29:00.735" endtime="20241118 22:29:00.749"/>
</kw>
<status status="PASS" starttime="20241118 22:29:00.735" endtime="20241118 22:29:00.749"/>
</kw>
<status status="PASS" starttime="20241118 22:29:00.728" endtime="20241118 22:29:00.749"/>
</kw>
<kw name="Set Username">
<arg>kalle</arg>
<kw name="Input Text" library="SeleniumLibrary">
<arg>username</arg>
<arg>${username}</arg>
<doc>Types the given ``text`` into the text field identified by ``locator``.</doc>
<msg timestamp="20241118 22:29:00.750" level="INFO">Typing text 'kalle' into text field 'username'.</msg>
<status status="PASS" starttime="20241118 22:29:00.749" endtime="20241118 22:29:00.795"/>
</kw>
<status status="PASS" starttime="20241118 22:29:00.749" endtime="20241118 22:29:00.795"/>
</kw>
<kw name="Set Password">
<arg>kalle123</arg>
<kw name="Input Password" library="SeleniumLibrary">
<arg>password</arg>
<arg>${password}</arg>
<doc>Types the given password into the text field identified by ``locator``.</doc>
<msg timestamp="20241118 22:29:00.795" level="INFO">Typing password into text field 'password'.</msg>
<msg timestamp="20241118 22:29:00.816" level="INFO">Temporally setting log level to: NONE</msg>
<msg timestamp="20241118 22:29:00.841" level="INFO">Log level changed from NONE to INFO.</msg>
<status status="PASS" starttime="20241118 22:29:00.795" endtime="20241118 22:29:00.841"/>
</kw>
<status status="PASS" starttime="20241118 22:29:00.795" endtime="20241118 22:29:00.841"/>
</kw>
<kw name="set Confirm Password">
<arg>kalle456</arg>
<kw name="Input Password" library="SeleniumLibrary">
<arg>password_confirmation</arg>
<arg>${password}</arg>
<doc>Types the given password into the text field identified by ``locator``.</doc>
<msg timestamp="20241118 22:29:00.842" level="INFO">Typing password into text field 'password_confirmation'.</msg>
<msg timestamp="20241118 22:29:00.904" level="INFO" html="true">&lt;/td&gt;&lt;/tr&gt;&lt;tr&gt;&lt;td colspan="3"&gt;&lt;a href="selenium-screenshot-90.png"&gt;&lt;img src="selenium-screenshot-90.png" width="800px"&gt;&lt;/a&gt;</msg>
<msg timestamp="20241118 22:29:00.904" level="FAIL">Element with locator 'password_confirmation' not found.</msg>
<status status="FAIL" starttime="20241118 22:29:00.841" endtime="20241118 22:29:00.904"/>
</kw>
<status status="FAIL" starttime="20241118 22:29:00.841" endtime="20241118 22:29:00.904"/>
</kw>
<kw name="Submit Registration">
<status status="NOT RUN" starttime="20241118 22:29:00.904" endtime="20241118 22:29:00.904"/>
</kw>
<kw name="Registration Should Fail With Message">
<arg>Password and password confirmation do not match</arg>
<status status="NOT RUN" starttime="20241118 22:29:00.904" endtime="20241118 22:29:00.904"/>
</kw>
<status status="FAIL" starttime="20241118 22:29:00.727" endtime="20241118 22:29:00.904">Element with locator 'password_confirmation' not found.</status>
</test>
<test id="s1-s3-t6" name="Register With Username That Is Already In Use" line="51">
<kw name="Reset Application Create User And Go To Register Page" type="SETUP">
<kw name="Reset Application" library="AppLibrary">
<status status="PASS" starttime="20241118 22:29:00.905" endtime="20241118 22:29:00.908"/>
</kw>
<kw name="Create User" library="AppLibrary">
<arg>kalle</arg>
<arg>kalle123</arg>
<status status="PASS" starttime="20241118 22:29:00.908" endtime="20241118 22:29:00.918"/>
</kw>
<kw name="Go To Login Page" library="resource">
<kw name="Go To" library="SeleniumLibrary">
<arg>${LOGIN_URL}</arg>
<doc>Navigates the current browser window to the provided ``url``.</doc>
<msg timestamp="20241118 22:29:00.920" level="INFO">Opening url 'http://localhost:5001/login'</msg>
<status status="PASS" starttime="20241118 22:29:00.919" endtime="20241118 22:29:00.954"/>
</kw>
<status status="PASS" starttime="20241118 22:29:00.919" endtime="20241118 22:29:00.954"/>
</kw>
<status status="PASS" starttime="20241118 22:29:00.905" endtime="20241118 22:29:00.954"/>
</kw>
<kw name="Create User" library="AppLibrary">
<arg>existinguser</arg>
<arg>Valid123!</arg>
<status status="PASS" starttime="20241118 22:29:00.954" endtime="20241118 22:29:00.961"/>
</kw>
<kw name="Set Username">
<arg>existinguser</arg>
<kw name="Input Text" library="SeleniumLibrary">
<arg>username</arg>
<arg>${username}</arg>
<doc>Types the given ``text`` into the text field identified by ``locator``.</doc>
<msg timestamp="20241118 22:29:00.962" level="INFO">Typing text 'existinguser' into text field 'username'.</msg>
<status status="PASS" starttime="20241118 22:29:00.962" endtime="20241118 22:29:01.011"/>
</kw>
<status status="PASS" starttime="20241118 22:29:00.961" endtime="20241118 22:29:01.011"/>
</kw>
<kw name="Set Password">
<arg>Valid123!</arg>
<kw name="Input Password" library="SeleniumLibrary">
<arg>password</arg>
<arg>${password}</arg>
<doc>Types the given password into the text field identified by ``locator``.</doc>
<msg timestamp="20241118 22:29:01.012" level="INFO">Typing password into text field 'password'.</msg>
<msg timestamp="20241118 22:29:01.038" level="INFO">Temporally setting log level to: NONE</msg>
<msg timestamp="20241118 22:29:01.062" level="INFO">Log level changed from NONE to INFO.</msg>
<status status="PASS" starttime="20241118 22:29:01.011" endtime="20241118 22:29:01.062"/>
</kw>
<status status="PASS" starttime="20241118 22:29:01.011" endtime="20241118 22:29:01.063"/>
</kw>
<kw name="set Confirm Password">
<arg>Valid123!</arg>
<kw name="Input Password" library="SeleniumLibrary">
<arg>password_confirmation</arg>
<arg>${password}</arg>
<doc>Types the given password into the text field identified by ``locator``.</doc>
<msg timestamp="20241118 22:29:01.063" level="INFO">Typing password into text field 'password_confirmation'.</msg>
<msg timestamp="20241118 22:29:01.105" level="INFO" html="true">&lt;/td&gt;&lt;/tr&gt;&lt;tr&gt;&lt;td colspan="3"&gt;&lt;a href="selenium-screenshot-91.png"&gt;&lt;img src="selenium-screenshot-91.png" width="800px"&gt;&lt;/a&gt;</msg>
<msg timestamp="20241118 22:29:01.105" level="FAIL">Element with locator 'password_confirmation' not found.</msg>
<status status="FAIL" starttime="20241118 22:29:01.063" endtime="20241118 22:29:01.105"/>
</kw>
<status status="FAIL" starttime="20241118 22:29:01.063" endtime="20241118 22:29:01.106"/>
</kw>
<kw name="Submit Registration">
<status status="NOT RUN" starttime="20241118 22:29:01.106" endtime="20241118 22:29:01.106"/>
</kw>
<kw name="Registration Should Fail With Message">
<arg>Username is already use</arg>
<status status="NOT RUN" starttime="20241118 22:29:01.106" endtime="20241118 22:29:01.106"/>
</kw>
<status status="FAIL" starttime="20241118 22:29:00.905" endtime="20241118 22:29:01.106">Element with locator 'password_confirmation' not found.</status>
</test>
<test id="s1-s3-t7" name="Login After Successful Registration" line="59">
<kw name="Reset Application Create User And Go To Register Page" type="SETUP">
<kw name="Reset Application" library="AppLibrary">
<status status="PASS" starttime="20241118 22:29:01.107" endtime="20241118 22:29:01.109"/>
</kw>
<kw name="Create User" library="AppLibrary">
<arg>kalle</arg>
<arg>kalle123</arg>
<status status="PASS" starttime="20241118 22:29:01.109" endtime="20241118 22:29:01.113"/>
</kw>
<kw name="Go To Login Page" library="resource">
<kw name="Go To" library="SeleniumLibrary">
<arg>${LOGIN_URL}</arg>
<doc>Navigates the current browser window to the provided ``url``.</doc>
<msg timestamp="20241118 22:29:01.114" level="INFO">Opening url 'http://localhost:5001/login'</msg>
<status status="PASS" starttime="20241118 22:29:01.113" endtime="20241118 22:29:01.127"/>
</kw>
<status status="PASS" starttime="20241118 22:29:01.113" endtime="20241118 22:29:01.127"/>
</kw>
<status status="PASS" starttime="20241118 22:29:01.106" endtime="20241118 22:29:01.127"/>
</kw>
<kw name="Set Username">
<arg>kalle</arg>
<kw name="Input Text" library="SeleniumLibrary">
<arg>username</arg>
<arg>${username}</arg>
<doc>Types the given ``text`` into the text field identified by ``locator``.</doc>
<msg timestamp="20241118 22:29:01.128" level="INFO">Typing text 'kalle' into text field 'username'.</msg>
<status status="PASS" starttime="20241118 22:29:01.128" endtime="20241118 22:29:01.178"/>
</kw>
<status status="PASS" starttime="20241118 22:29:01.127" endtime="20241118 22:29:01.178"/>
</kw>
<kw name="Set Password">
<arg>kalle123</arg>
<kw name="Input Password" library="SeleniumLibrary">
<arg>password</arg>
<arg>${password}</arg>
<doc>Types the given password into the text field identified by ``locator``.</doc>
<msg timestamp="20241118 22:29:01.179" level="INFO">Typing password into text field 'password'.</msg>
<msg timestamp="20241118 22:29:01.199" level="INFO">Temporally setting log level to: NONE</msg>
<msg timestamp="20241118 22:29:01.223" level="INFO">Log level changed from NONE to INFO.</msg>
<status status="PASS" starttime="20241118 22:29:01.179" endtime="20241118 22:29:01.223"/>
</kw>
<status status="PASS" starttime="20241118 22:29:01.178" endtime="20241118 22:29:01.223"/>
</kw>
<kw name="set Confirm Password">
<arg>kalle123</arg>
<kw name="Input Password" library="SeleniumLibrary">
<arg>password_confirmation</arg>
<arg>${password}</arg>
<doc>Types the given password into the text field identified by ``locator``.</doc>
<msg timestamp="20241118 22:29:01.224" level="INFO">Typing password into text field 'password_confirmation'.</msg>
<msg timestamp="20241118 22:29:01.312" level="INFO" html="true">&lt;/td&gt;&lt;/tr&gt;&lt;tr&gt;&lt;td colspan="3"&gt;&lt;a href="selenium-screenshot-92.png"&gt;&lt;img src="selenium-screenshot-92.png" width="800px"&gt;&lt;/a&gt;</msg>
<msg timestamp="20241118 22:29:01.312" level="FAIL">Element with locator 'password_confirmation' not found.</msg>
<status status="FAIL" starttime="20241118 22:29:01.224" endtime="20241118 22:29:01.312"/>
</kw>
<status status="FAIL" starttime="20241118 22:29:01.223" endtime="20241118 22:29:01.312"/>
</kw>
<kw name="Submit Registration">
<status status="NOT RUN" starttime="20241118 22:29:01.313" endtime="20241118 22:29:01.313"/>
</kw>
<kw name="Wait Until Page Contains" library="SeleniumLibrary">
<arg>Ohtu Application main page</arg>
<doc>Waits until ``text`` appears on the current page.</doc>
<status status="NOT RUN" starttime="20241118 22:29:01.313" endtime="20241118 22:29:01.313"/>
</kw>
<kw name="Registration Should Succeed">
<status status="NOT RUN" starttime="20241118 22:29:01.313" endtime="20241118 22:29:01.313"/>
</kw>
<kw name="Logout">
<status status="NOT RUN" starttime="20241118 22:29:01.315" endtime="20241118 22:29:01.315"/>
</kw>
<kw name="Set Username">
<arg>kalle</arg>
<status status="NOT RUN" starttime="20241118 22:29:01.315" endtime="20241118 22:29:01.315"/>
</kw>
<kw name="Set Password">
<arg>kalle123</arg>
<status status="NOT RUN" starttime="20241118 22:29:01.315" endtime="20241118 22:29:01.315"/>
</kw>
<kw name="Submit Credentials">
<status status="NOT RUN" starttime="20241118 22:29:01.317" endtime="20241118 22:29:01.317"/>
</kw>
<kw name="Login Should Succeed">
<status status="NOT RUN" starttime="20241118 22:29:01.319" endtime="20241118 22:29:01.319"/>
</kw>
<status status="FAIL" starttime="20241118 22:29:01.106" endtime="20241118 22:29:01.319">Element with locator 'password_confirmation' not found.</status>
</test>
<test id="s1-s3-t8" name="Login After Failed Registration" line="73">
<kw name="Reset Application Create User And Go To Register Page" type="SETUP">
<kw name="Reset Application" library="AppLibrary">
<status status="PASS" starttime="20241118 22:29:01.319" endtime="20241118 22:29:01.321"/>
</kw>
<kw name="Create User" library="AppLibrary">
<arg>kalle</arg>
<arg>kalle123</arg>
<status status="PASS" starttime="20241118 22:29:01.322" endtime="20241118 22:29:01.326"/>
</kw>
<kw name="Go To Login Page" library="resource">
<kw name="Go To" library="SeleniumLibrary">
<arg>${LOGIN_URL}</arg>
<doc>Navigates the current browser window to the provided ``url``.</doc>
<msg timestamp="20241118 22:29:01.327" level="INFO">Opening url 'http://localhost:5001/login'</msg>
<status status="PASS" starttime="20241118 22:29:01.326" endtime="20241118 22:29:01.339"/>
</kw>
<status status="PASS" starttime="20241118 22:29:01.326" endtime="20241118 22:29:01.339"/>
</kw>
<status status="PASS" starttime="20241118 22:29:01.319" endtime="20241118 22:29:01.339"/>
</kw>
<kw name="Set Username">
<arg>kalle</arg>
<kw name="Input Text" library="SeleniumLibrary">
<arg>username</arg>
<arg>${username}</arg>
<doc>Types the given ``text`` into the text field identified by ``locator``.</doc>
<msg timestamp="20241118 22:29:01.340" level="INFO">Typing text 'kalle' into text field 'username'.</msg>
<status status="PASS" starttime="20241118 22:29:01.339" endtime="20241118 22:29:01.391"/>
</kw>
<status status="PASS" starttime="20241118 22:29:01.339" endtime="20241118 22:29:01.392"/>
</kw>
<kw name="Set Password">
<arg>kalle123</arg>
<kw name="Input Password" library="SeleniumLibrary">
<arg>password</arg>
<arg>${password}</arg>
<doc>Types the given password into the text field identified by ``locator``.</doc>
<msg timestamp="20241118 22:29:01.393" level="INFO">Typing password into text field 'password'.</msg>
<msg timestamp="20241118 22:29:01.409" level="INFO">Temporally setting log level to: NONE</msg>
<msg timestamp="20241118 22:29:01.433" level="INFO">Log level changed from NONE to INFO.</msg>
<status status="PASS" starttime="20241118 22:29:01.392" endtime="20241118 22:29:01.433"/>
</kw>
<status status="PASS" starttime="20241118 22:29:01.392" endtime="20241118 22:29:01.433"/>
</kw>
<kw name="set Confirm Password">
<arg>kalle12</arg>
<kw name="Input Password" library="SeleniumLibrary">
<arg>password_confirmation</arg>
<arg>${password}</arg>
<doc>Types the given password into the text field identified by ``locator``.</doc>
<msg timestamp="20241118 22:29:01.434" level="INFO">Typing password into text field 'password_confirmation'.</msg>
<msg timestamp="20241118 22:29:01.511" level="INFO" html="true">&lt;/td&gt;&lt;/tr&gt;&lt;tr&gt;&lt;td colspan="3"&gt;&lt;a href="selenium-screenshot-93.png"&gt;&lt;img src="selenium-screenshot-93.png" width="800px"&gt;&lt;/a&gt;</msg>
<msg timestamp="20241118 22:29:01.511" level="FAIL">Element with locator 'password_confirmation' not found.</msg>
<status status="FAIL" starttime="20241118 22:29:01.434" endtime="20241118 22:29:01.511"/>
</kw>
<status status="FAIL" starttime="20241118 22:29:01.433" endtime="20241118 22:29:01.511"/>
</kw>
<kw name="Submit Registration">
<status status="NOT RUN" starttime="20241118 22:29:01.511" endtime="20241118 22:29:01.511"/>
</kw>
<kw name="Wait Until Page Contains" library="SeleniumLibrary">
<arg>Password and password confirmation do not match</arg>
<doc>Waits until ``text`` appears on the current page.</doc>
<status status="NOT RUN" starttime="20241118 22:29:01.511" endtime="20241118 22:29:01.511"/>
</kw>
<kw name="Registration Should Fail With Message">
<arg>Password and password confirmation do not match</arg>
<status status="NOT RUN" starttime="20241118 22:29:01.511" endtime="20241118 22:29:01.511"/>
</kw>
<kw name="Set Username">
<arg>kalle</arg>
<status status="NOT RUN" starttime="20241118 22:29:01.511" endtime="20241118 22:29:01.511"/>
</kw>
<kw name="Set Password">
<arg>kalle123</arg>
<status status="NOT RUN" starttime="20241118 22:29:01.511" endtime="20241118 22:29:01.511"/>
</kw>
<kw name="Submit Credentials">
<status status="NOT RUN" starttime="20241118 22:29:01.513" endtime="20241118 22:29:01.513"/>
</kw>
<kw name="Login Should Fail With Message">
<arg>Invalid username or password</arg>
<status status="NOT RUN" starttime="20241118 22:29:01.515" endtime="20241118 22:29:01.515"/>
</kw>
<status status="FAIL" starttime="20241118 22:29:01.319" endtime="20241118 22:29:01.515">Element with locator 'password_confirmation' not found.</status>
</test>
<kw name="Close Browser" library="SeleniumLibrary" type="TEARDOWN">
<doc>Closes the current browser.</doc>
<status status="PASS" starttime="20241118 22:29:01.516" endtime="20241118 22:29:01.573"/>
</kw>
<status status="FAIL" starttime="20241118 22:28:59.789" endtime="20241118 22:29:01.573"/>
</suite>
<status status="FAIL" starttime="20241118 22:28:58.398" endtime="20241118 22:29:01.574"/>
</suite>
<statistics>
<total>
<stat pass="5" fail="8" skip="0">All Tests</stat>
</total>
<tag>
</tag>
<suite>
<stat pass="5" fail="8" skip="0" id="s1" name="Tests">Tests</stat>
<stat pass="2" fail="0" skip="0" id="s1-s1" name="Home">Tests.Home</stat>
<stat pass="3" fail="0" skip="0" id="s1-s2" name="Login">Tests.Login</stat>
<stat pass="0" fail="8" skip="0" id="s1-s3" name="Register">Tests.Register</stat>
</suite>
</statistics>
<errors>
<msg timestamp="20241118 22:28:58.573" level="WARN">The chromedriver version (130.0.6723.91) detected in PATH at /usr/bin/chromedriver might not be compatible with the detected chrome version (131.0.6778.69); currently, chromedriver 131.0.6778.69 is recommended for chrome 131.*, so it is advised to delete the driver in PATH and retry</msg>
<msg timestamp="20241118 22:28:59.015" level="WARN">The chromedriver version (130.0.6723.91) detected in PATH at /usr/bin/chromedriver might not be compatible with the detected chrome version (131.0.6778.69); currently, chromedriver 131.0.6778.69 is recommended for chrome 131.*, so it is advised to delete the driver in PATH and retry</msg>
<msg timestamp="20241118 22:28:59.831" level="WARN">The chromedriver version (130.0.6723.91) detected in PATH at /usr/bin/chromedriver might not be compatible with the detected chrome version (131.0.6778.69); currently, chromedriver 131.0.6778.69 is recommended for chrome 131.*, so it is advised to delete the driver in PATH and retry</msg>
</errors>
</robot>
